<?xml version="1.0" encoding="UTF-8"?>
<testsuite xmlns:xsi="http://www.w3.org/2001/XMLSchema-instance" xsi:noNamespaceSchemaLocation="https://maven.apache.org/surefire/maven-surefire-plugin/xsd/surefire-test-report.xsd" name="com.in.market.MTmarketApplicationTests" time="9.746" tests="3" errors="0" skipped="0" failures="0">
  <properties>
[...]
</properties>
  <testcase name="t1" classname="com.in.market.MTmarketApplicationTests" time="0.314"/>
  <testcase name="t2" classname="com.in.market.MTmarketApplicationTests" time="0.004"/>
  <testcase name="contextLoads" classname="com.in.market.MTmarketApplicationTests" time="3.879"/>
</testsuite>